2020-12-21 22:10:22 INFO  Version:46 - HHH000412: Hibernate Core {5.4.3.Final}
2020-12-21 22:10:23 WARN  deprecation:91 - HHH90000012: Recognized obsolete hibernate namespace http://hibernate.sourceforge.net/hibernate-configuration. Use namespace http://www.hibernate.org/dtd/hibernate-configuration instead.  Support for obsolete DTD/XSD namespaces may be removed at any time.
2020-12-21 22:10:24 INFO  Version:49 - HCANN000001: Hibernate Commons Annotations {5.1.0.Final}
2020-12-21 22:10:24 WARN  pooling:72 - HHH10001002: Using Hibernate built-in connection pool (not for production use!)
2020-12-21 22:10:24 INFO  pooling:115 - HHH10001005: using driver [com.mysql.cj.jdbc.Driver] at URL [jdbc:mysql://localhost:3306/hibernate?serverTimezone=UTC]
2020-12-21 22:10:24 INFO  pooling:124 - HHH10001001: Connection properties: {password=****, user=root}
2020-12-21 22:10:24 INFO  pooling:129 - HHH10001003: Autocommit mode: false
2020-12-21 22:10:24 INFO  DriverManagerConnectionProviderImpl:239 - HHH000115: Hibernate connection pool size: 20 (min=1)
2020-12-21 22:10:25 INFO  Dialect:158 - HHH000400: Using dialect: org.hibernate.dialect.MySQLDialect
2020-12-22 10:52:44 INFO  Version:46 - HHH000412: Hibernate Core {5.4.3.Final}
2020-12-22 10:52:45 WARN  deprecation:91 - HHH90000012: Recognized obsolete hibernate namespace http://hibernate.sourceforge.net/hibernate-configuration. Use namespace http://www.hibernate.org/dtd/hibernate-configuration instead.  Support for obsolete DTD/XSD namespaces may be removed at any time.
2020-12-22 10:52:46 INFO  Version:49 - HCANN000001: Hibernate Commons Annotations {5.1.0.Final}
2020-12-22 10:52:46 WARN  pooling:72 - HHH10001002: Using Hibernate built-in connection pool (not for production use!)
2020-12-22 10:52:46 INFO  pooling:115 - HHH10001005: using driver [com.mysql.cj.jdbc.Driver] at URL [jdbc:mysql://localhost:3306/magproduct?serverTimezone=UTC]
2020-12-22 10:52:46 INFO  pooling:124 - HHH10001001: Connection properties: {password=****, user=root}
2020-12-22 10:52:46 INFO  pooling:129 - HHH10001003: Autocommit mode: false
2020-12-22 10:52:46 INFO  DriverManagerConnectionProviderImpl:239 - HHH000115: Hibernate connection pool size: 20 (min=1)
2020-12-22 10:52:47 INFO  Dialect:158 - HHH000400: Using dialect: org.hibernate.dialect.MySQLDialect
2020-12-22 11:08:48 INFO  Version:46 - HHH000412: Hibernate Core {5.4.3.Final}
2020-12-22 11:08:49 WARN  deprecation:91 - HHH90000012: Recognized obsolete hibernate namespace http://hibernate.sourceforge.net/hibernate-configuration. Use namespace http://www.hibernate.org/dtd/hibernate-configuration instead.  Support for obsolete DTD/XSD namespaces may be removed at any time.
2020-12-22 11:08:49 INFO  Version:49 - HCANN000001: Hibernate Commons Annotations {5.1.0.Final}
2020-12-22 11:08:50 WARN  pooling:72 - HHH10001002: Using Hibernate built-in connection pool (not for production use!)
2020-12-22 11:08:50 INFO  pooling:115 - HHH10001005: using driver [com.mysql.cj.jdbc.Driver] at URL [jdbc:mysql://localhost:3306/magproduct?serverTimezone=UTC]
2020-12-22 11:08:50 INFO  pooling:124 - HHH10001001: Connection properties: {password=****, user=root}
2020-12-22 11:08:50 INFO  pooling:129 - HHH10001003: Autocommit mode: false
2020-12-22 11:08:50 INFO  DriverManagerConnectionProviderImpl:239 - HHH000115: Hibernate connection pool size: 20 (min=1)
2020-12-22 11:08:51 INFO  Dialect:158 - HHH000400: Using dialect: org.hibernate.dialect.MySQLDialect
2020-12-22 12:02:39 INFO  Version:46 - HHH000412: Hibernate Core {5.4.3.Final}
2020-12-22 12:02:40 WARN  deprecation:91 - HHH90000012: Recognized obsolete hibernate namespace http://hibernate.sourceforge.net/hibernate-configuration. Use namespace http://www.hibernate.org/dtd/hibernate-configuration instead.  Support for obsolete DTD/XSD namespaces may be removed at any time.
2020-12-22 12:02:40 INFO  Version:49 - HCANN000001: Hibernate Commons Annotations {5.1.0.Final}
2020-12-22 12:02:41 WARN  pooling:72 - HHH10001002: Using Hibernate built-in connection pool (not for production use!)
2020-12-22 12:02:41 INFO  pooling:115 - HHH10001005: using driver [com.mysql.cj.jdbc.Driver] at URL [jdbc:mysql://localhost:3306/magproduct?serverTimezone=UTC]
2020-12-22 12:02:41 INFO  pooling:124 - HHH10001001: Connection properties: {password=****, user=root}
2020-12-22 12:02:41 INFO  pooling:129 - HHH10001003: Autocommit mode: false
2020-12-22 12:02:41 INFO  DriverManagerConnectionProviderImpl:239 - HHH000115: Hibernate connection pool size: 20 (min=1)
2020-12-22 12:02:42 INFO  Dialect:158 - HHH000400: Using dialect: org.hibernate.dialect.MySQLDialect
2020-12-22 12:03:45 INFO  Version:46 - HHH000412: Hibernate Core {5.4.3.Final}
2020-12-22 12:03:45 WARN  deprecation:91 - HHH90000012: Recognized obsolete hibernate namespace http://hibernate.sourceforge.net/hibernate-configuration. Use namespace http://www.hibernate.org/dtd/hibernate-configuration instead.  Support for obsolete DTD/XSD namespaces may be removed at any time.
2020-12-22 12:03:46 INFO  Version:49 - HCANN000001: Hibernate Commons Annotations {5.1.0.Final}
2020-12-22 12:03:47 WARN  pooling:72 - HHH10001002: Using Hibernate built-in connection pool (not for production use!)
2020-12-22 12:03:47 INFO  pooling:115 - HHH10001005: using driver [com.mysql.cj.jdbc.Driver] at URL [jdbc:mysql://localhost:3306/magproduct?serverTimezone=UTC]
2020-12-22 12:03:47 INFO  pooling:124 - HHH10001001: Connection properties: {password=****, user=root}
2020-12-22 12:03:47 INFO  pooling:129 - HHH10001003: Autocommit mode: false
2020-12-22 12:03:47 INFO  DriverManagerConnectionProviderImpl:239 - HHH000115: Hibernate connection pool size: 20 (min=1)
2020-12-22 12:03:48 INFO  Dialect:158 - HHH000400: Using dialect: org.hibernate.dialect.MySQLDialect
2020-12-22 12:03:57 INFO  Version:46 - HHH000412: Hibernate Core {5.4.3.Final}
2020-12-22 12:03:58 WARN  deprecation:91 - HHH90000012: Recognized obsolete hibernate namespace http://hibernate.sourceforge.net/hibernate-configuration. Use namespace http://www.hibernate.org/dtd/hibernate-configuration instead.  Support for obsolete DTD/XSD namespaces may be removed at any time.
2020-12-22 12:03:59 INFO  Version:49 - HCANN000001: Hibernate Commons Annotations {5.1.0.Final}
2020-12-22 12:03:59 WARN  pooling:72 - HHH10001002: Using Hibernate built-in connection pool (not for production use!)
2020-12-22 12:03:59 INFO  pooling:115 - HHH10001005: using driver [com.mysql.cj.jdbc.Driver] at URL [jdbc:mysql://localhost:3306/magproduct?serverTimezone=UTC]
2020-12-22 12:03:59 INFO  pooling:124 - HHH10001001: Connection properties: {password=****, user=root}
2020-12-22 12:03:59 INFO  pooling:129 - HHH10001003: Autocommit mode: false
2020-12-22 12:03:59 INFO  DriverManagerConnectionProviderImpl:239 - HHH000115: Hibernate connection pool size: 20 (min=1)
2020-12-22 12:04:00 INFO  Dialect:158 - HHH000400: Using dialect: org.hibernate.dialect.MySQLDialect
2020-12-22 12:34:37 INFO  Version:46 - HHH000412: Hibernate Core {5.4.3.Final}
2020-12-22 12:34:38 WARN  deprecation:91 - HHH90000012: Recognized obsolete hibernate namespace http://hibernate.sourceforge.net/hibernate-configuration. Use namespace http://www.hibernate.org/dtd/hibernate-configuration instead.  Support for obsolete DTD/XSD namespaces may be removed at any time.
2020-12-22 12:34:39 INFO  Version:49 - HCANN000001: Hibernate Commons Annotations {5.1.0.Final}
2020-12-22 12:34:39 WARN  pooling:72 - HHH10001002: Using Hibernate built-in connection pool (not for production use!)
2020-12-22 12:34:39 INFO  pooling:115 - HHH10001005: using driver [com.mysql.cj.jdbc.Driver] at URL [jdbc:mysql://localhost:3306/magproduct?serverTimezone=UTC]
2020-12-22 12:34:39 INFO  pooling:124 - HHH10001001: Connection properties: {password=****, user=root}
2020-12-22 12:34:39 INFO  pooling:129 - HHH10001003: Autocommit mode: false
2020-12-22 12:34:39 INFO  DriverManagerConnectionProviderImpl:239 - HHH000115: Hibernate connection pool size: 20 (min=1)
2020-12-22 12:34:40 INFO  Dialect:158 - HHH000400: Using dialect: org.hibernate.dialect.MySQLDialect
2020-12-22 12:34:42 WARN  SqlExceptionHelper:137 - SQL Error: 1054, SQLState: 42S22
2020-12-22 12:34:42 ERROR SqlExceptionHelper:142 - Unknown column 'listuser0_.id_user' in 'field list'
2020-12-22 12:35:38 INFO  Version:46 - HHH000412: Hibernate Core {5.4.3.Final}
2020-12-22 12:35:38 WARN  deprecation:91 - HHH90000012: Recognized obsolete hibernate namespace http://hibernate.sourceforge.net/hibernate-configuration. Use namespace http://www.hibernate.org/dtd/hibernate-configuration instead.  Support for obsolete DTD/XSD namespaces may be removed at any time.
2020-12-22 12:35:39 INFO  Version:49 - HCANN000001: Hibernate Commons Annotations {5.1.0.Final}
2020-12-22 12:35:40 WARN  pooling:72 - HHH10001002: Using Hibernate built-in connection pool (not for production use!)
2020-12-22 12:35:40 INFO  pooling:115 - HHH10001005: using driver [com.mysql.cj.jdbc.Driver] at URL [jdbc:mysql://localhost:3306/magproduct?serverTimezone=UTC]
2020-12-22 12:35:40 INFO  pooling:124 - HHH10001001: Connection properties: {password=****, user=root}
2020-12-22 12:35:40 INFO  pooling:129 - HHH10001003: Autocommit mode: false
2020-12-22 12:35:40 INFO  DriverManagerConnectionProviderImpl:239 - HHH000115: Hibernate connection pool size: 20 (min=1)
2020-12-22 12:35:41 INFO  Dialect:158 - HHH000400: Using dialect: org.hibernate.dialect.MySQLDialect
2020-12-22 12:35:43 WARN  SqlExceptionHelper:137 - SQL Error: 1054, SQLState: 42S22
2020-12-22 12:35:43 ERROR SqlExceptionHelper:142 - Unknown column 'listuser0_.id_user' in 'field list'
2020-12-22 14:17:25 INFO  Version:46 - HHH000412: Hibernate Core {5.4.3.Final}
2020-12-22 14:17:25 WARN  deprecation:91 - HHH90000012: Recognized obsolete hibernate namespace http://hibernate.sourceforge.net/hibernate-configuration. Use namespace http://www.hibernate.org/dtd/hibernate-configuration instead.  Support for obsolete DTD/XSD namespaces may be removed at any time.
2020-12-22 14:17:26 INFO  Version:49 - HCANN000001: Hibernate Commons Annotations {5.1.0.Final}
2020-12-22 14:17:26 WARN  pooling:72 - HHH10001002: Using Hibernate built-in connection pool (not for production use!)
2020-12-22 14:17:26 INFO  pooling:115 - HHH10001005: using driver [com.mysql.cj.jdbc.Driver] at URL [jdbc:mysql://localhost:3306/magproduct?serverTimezone=UTC]
2020-12-22 14:17:26 INFO  pooling:124 - HHH10001001: Connection properties: {password=****, user=root}
2020-12-22 14:17:26 INFO  pooling:129 - HHH10001003: Autocommit mode: false
2020-12-22 14:17:26 INFO  DriverManagerConnectionProviderImpl:239 - HHH000115: Hibernate connection pool size: 20 (min=1)
2020-12-22 14:17:27 INFO  Dialect:158 - HHH000400: Using dialect: org.hibernate.dialect.MySQLDialect
2020-12-22 14:22:22 INFO  Version:46 - HHH000412: Hibernate Core {5.4.3.Final}
2020-12-22 14:22:22 WARN  deprecation:91 - HHH90000012: Recognized obsolete hibernate namespace http://hibernate.sourceforge.net/hibernate-configuration. Use namespace http://www.hibernate.org/dtd/hibernate-configuration instead.  Support for obsolete DTD/XSD namespaces may be removed at any time.
2020-12-22 14:22:23 INFO  Version:49 - HCANN000001: Hibernate Commons Annotations {5.1.0.Final}
2020-12-22 14:22:24 WARN  pooling:72 - HHH10001002: Using Hibernate built-in connection pool (not for production use!)
2020-12-22 14:22:24 INFO  pooling:115 - HHH10001005: using driver [com.mysql.cj.jdbc.Driver] at URL [jdbc:mysql://localhost:3306/magproduct?serverTimezone=UTC]
2020-12-22 14:22:24 INFO  pooling:124 - HHH10001001: Connection properties: {password=****, user=root}
2020-12-22 14:22:24 INFO  pooling:129 - HHH10001003: Autocommit mode: false
2020-12-22 14:22:24 INFO  DriverManagerConnectionProviderImpl:239 - HHH000115: Hibernate connection pool size: 20 (min=1)
2020-12-22 14:22:25 INFO  Dialect:158 - HHH000400: Using dialect: org.hibernate.dialect.MySQLDialect
2020-12-22 14:23:58 INFO  Version:46 - HHH000412: Hibernate Core {5.4.3.Final}
2020-12-22 14:23:59 WARN  deprecation:91 - HHH90000012: Recognized obsolete hibernate namespace http://hibernate.sourceforge.net/hibernate-configuration. Use namespace http://www.hibernate.org/dtd/hibernate-configuration instead.  Support for obsolete DTD/XSD namespaces may be removed at any time.
2020-12-22 14:24:00 INFO  Version:49 - HCANN000001: Hibernate Commons Annotations {5.1.0.Final}
2020-12-22 14:24:00 WARN  pooling:72 - HHH10001002: Using Hibernate built-in connection pool (not for production use!)
2020-12-22 14:24:00 INFO  pooling:115 - HHH10001005: using driver [com.mysql.cj.jdbc.Driver] at URL [jdbc:mysql://localhost:3306/magproduct?serverTimezone=UTC]
2020-12-22 14:24:00 INFO  pooling:124 - HHH10001001: Connection properties: {password=****, user=root}
2020-12-22 14:24:00 INFO  pooling:129 - HHH10001003: Autocommit mode: false
2020-12-22 14:24:00 INFO  DriverManagerConnectionProviderImpl:239 - HHH000115: Hibernate connection pool size: 20 (min=1)
2020-12-22 14:24:01 INFO  Dialect:158 - HHH000400: Using dialect: org.hibernate.dialect.MySQLDialect
2020-12-22 14:31:06 INFO  Version:46 - HHH000412: Hibernate Core {5.4.3.Final}
2020-12-22 14:31:06 WARN  deprecation:91 - HHH90000012: Recognized obsolete hibernate namespace http://hibernate.sourceforge.net/hibernate-configuration. Use namespace http://www.hibernate.org/dtd/hibernate-configuration instead.  Support for obsolete DTD/XSD namespaces may be removed at any time.
2020-12-22 14:31:07 INFO  Version:49 - HCANN000001: Hibernate Commons Annotations {5.1.0.Final}
2020-12-22 14:31:08 WARN  pooling:72 - HHH10001002: Using Hibernate built-in connection pool (not for production use!)
2020-12-22 14:31:08 INFO  pooling:115 - HHH10001005: using driver [com.mysql.cj.jdbc.Driver] at URL [jdbc:mysql://localhost:3306/magproduct?serverTimezone=UTC]
2020-12-22 14:31:08 INFO  pooling:124 - HHH10001001: Connection properties: {password=****, user=root}
2020-12-22 14:31:08 INFO  pooling:129 - HHH10001003: Autocommit mode: false
2020-12-22 14:31:08 INFO  DriverManagerConnectionProviderImpl:239 - HHH000115: Hibernate connection pool size: 20 (min=1)
2020-12-22 14:31:13 INFO  Version:46 - HHH000412: Hibernate Core {5.4.3.Final}
2020-12-22 14:31:13 WARN  deprecation:91 - HHH90000012: Recognized obsolete hibernate namespace http://hibernate.sourceforge.net/hibernate-configuration. Use namespace http://www.hibernate.org/dtd/hibernate-configuration instead.  Support for obsolete DTD/XSD namespaces may be removed at any time.
2020-12-22 14:31:14 INFO  Version:49 - HCANN000001: Hibernate Commons Annotations {5.1.0.Final}
2020-12-22 14:31:14 WARN  pooling:72 - HHH10001002: Using Hibernate built-in connection pool (not for production use!)
2020-12-22 14:31:14 INFO  pooling:115 - HHH10001005: using driver [com.mysql.cj.jdbc.Driver] at URL [jdbc:mysql://localhost:3306/magproduct?serverTimezone=UTC]
2020-12-22 14:31:14 INFO  pooling:124 - HHH10001001: Connection properties: {password=****, user=root}
2020-12-22 14:31:14 INFO  pooling:129 - HHH10001003: Autocommit mode: false
2020-12-22 14:31:14 INFO  DriverManagerConnectionProviderImpl:239 - HHH000115: Hibernate connection pool size: 20 (min=1)
2020-12-22 14:31:15 INFO  Dialect:158 - HHH000400: Using dialect: org.hibernate.dialect.MySQLDialect
2020-12-22 14:32:44 INFO  Version:46 - HHH000412: Hibernate Core {5.4.3.Final}
2020-12-22 14:32:45 WARN  deprecation:91 - HHH90000012: Recognized obsolete hibernate namespace http://hibernate.sourceforge.net/hibernate-configuration. Use namespace http://www.hibernate.org/dtd/hibernate-configuration instead.  Support for obsolete DTD/XSD namespaces may be removed at any time.
2020-12-22 14:32:45 INFO  Version:49 - HCANN000001: Hibernate Commons Annotations {5.1.0.Final}
2020-12-22 14:32:46 WARN  pooling:72 - HHH10001002: Using Hibernate built-in connection pool (not for production use!)
2020-12-22 14:32:46 INFO  pooling:115 - HHH10001005: using driver [com.mysql.cj.jdbc.Driver] at URL [jdbc:mysql://localhost:3306/magproduct?serverTimezone=UTC]
2020-12-22 14:32:46 INFO  pooling:124 - HHH10001001: Connection properties: {password=****, user=root}
2020-12-22 14:32:46 INFO  pooling:129 - HHH10001003: Autocommit mode: false
2020-12-22 14:32:46 INFO  DriverManagerConnectionProviderImpl:239 - HHH000115: Hibernate connection pool size: 20 (min=1)
2020-12-22 14:32:47 INFO  Dialect:158 - HHH000400: Using dialect: org.hibernate.dialect.MySQLDialect
2020-12-22 14:33:21 INFO  Version:46 - HHH000412: Hibernate Core {5.4.3.Final}
2020-12-22 14:33:21 WARN  deprecation:91 - HHH90000012: Recognized obsolete hibernate namespace http://hibernate.sourceforge.net/hibernate-configuration. Use namespace http://www.hibernate.org/dtd/hibernate-configuration instead.  Support for obsolete DTD/XSD namespaces may be removed at any time.
2020-12-22 14:33:22 INFO  Version:49 - HCANN000001: Hibernate Commons Annotations {5.1.0.Final}
2020-12-22 14:33:22 WARN  pooling:72 - HHH10001002: Using Hibernate built-in connection pool (not for production use!)
2020-12-22 14:33:23 INFO  pooling:115 - HHH10001005: using driver [com.mysql.cj.jdbc.Driver] at URL [jdbc:mysql://localhost:3306/magproduct?serverTimezone=UTC]
2020-12-22 14:33:23 INFO  pooling:124 - HHH10001001: Connection properties: {password=****, user=root}
2020-12-22 14:33:23 INFO  pooling:129 - HHH10001003: Autocommit mode: false
2020-12-22 14:33:23 INFO  DriverManagerConnectionProviderImpl:239 - HHH000115: Hibernate connection pool size: 20 (min=1)
2020-12-22 14:33:23 INFO  Dialect:158 - HHH000400: Using dialect: org.hibernate.dialect.MySQLDialect
2020-12-22 17:21:58 INFO  Version:46 - HHH000412: Hibernate Core {5.4.3.Final}
2020-12-22 17:21:59 WARN  deprecation:91 - HHH90000012: Recognized obsolete hibernate namespace http://hibernate.sourceforge.net/hibernate-configuration. Use namespace http://www.hibernate.org/dtd/hibernate-configuration instead.  Support for obsolete DTD/XSD namespaces may be removed at any time.
2020-12-22 17:22:00 INFO  Version:49 - HCANN000001: Hibernate Commons Annotations {5.1.0.Final}
2020-12-22 17:22:00 WARN  pooling:72 - HHH10001002: Using Hibernate built-in connection pool (not for production use!)
2020-12-22 17:22:00 INFO  pooling:115 - HHH10001005: using driver [com.mysql.cj.jdbc.Driver] at URL [jdbc:mysql://localhost:3306/magproduct?serverTimezone=UTC]
2020-12-22 17:22:00 INFO  pooling:124 - HHH10001001: Connection properties: {password=****, user=root}
2020-12-22 17:22:00 INFO  pooling:129 - HHH10001003: Autocommit mode: false
2020-12-22 17:22:00 INFO  DriverManagerConnectionProviderImpl:239 - HHH000115: Hibernate connection pool size: 20 (min=1)
2020-12-22 17:22:01 INFO  Dialect:158 - HHH000400: Using dialect: org.hibernate.dialect.MySQLDialect
2020-12-22 17:22:52 INFO  Version:46 - HHH000412: Hibernate Core {5.4.3.Final}
2020-12-22 17:22:52 WARN  deprecation:91 - HHH90000012: Recognized obsolete hibernate namespace http://hibernate.sourceforge.net/hibernate-configuration. Use namespace http://www.hibernate.org/dtd/hibernate-configuration instead.  Support for obsolete DTD/XSD namespaces may be removed at any time.
2020-12-22 17:22:53 INFO  Version:49 - HCANN000001: Hibernate Commons Annotations {5.1.0.Final}
2020-12-22 17:22:54 WARN  pooling:72 - HHH10001002: Using Hibernate built-in connection pool (not for production use!)
2020-12-22 17:22:54 INFO  pooling:115 - HHH10001005: using driver [com.mysql.cj.jdbc.Driver] at URL [jdbc:mysql://localhost:3306/magproduct?serverTimezone=UTC]
2020-12-22 17:22:54 INFO  pooling:124 - HHH10001001: Connection properties: {password=****, user=root}
2020-12-22 17:22:54 INFO  pooling:129 - HHH10001003: Autocommit mode: false
2020-12-22 17:22:54 INFO  DriverManagerConnectionProviderImpl:239 - HHH000115: Hibernate connection pool size: 20 (min=1)
2020-12-22 17:22:54 INFO  Dialect:158 - HHH000400: Using dialect: org.hibernate.dialect.MySQLDialect
2020-12-22 17:24:01 INFO  Version:46 - HHH000412: Hibernate Core {5.4.3.Final}
2020-12-22 17:24:01 WARN  deprecation:91 - HHH90000012: Recognized obsolete hibernate namespace http://hibernate.sourceforge.net/hibernate-configuration. Use namespace http://www.hibernate.org/dtd/hibernate-configuration instead.  Support for obsolete DTD/XSD namespaces may be removed at any time.
2020-12-22 17:24:02 INFO  Version:49 - HCANN000001: Hibernate Commons Annotations {5.1.0.Final}
2020-12-22 17:24:03 WARN  pooling:72 - HHH10001002: Using Hibernate built-in connection pool (not for production use!)
2020-12-22 17:24:03 INFO  pooling:115 - HHH10001005: using driver [com.mysql.cj.jdbc.Driver] at URL [jdbc:mysql://localhost:3306/magproduct?serverTimezone=UTC]
2020-12-22 17:24:03 INFO  pooling:124 - HHH10001001: Connection properties: {password=****, user=root}
2020-12-22 17:24:03 INFO  pooling:129 - HHH10001003: Autocommit mode: false
2020-12-22 17:24:03 INFO  DriverManagerConnectionProviderImpl:239 - HHH000115: Hibernate connection pool size: 20 (min=1)
2020-12-22 17:24:03 INFO  Dialect:158 - HHH000400: Using dialect: org.hibernate.dialect.MySQLDialect
2020-12-22 17:25:37 INFO  Version:46 - HHH000412: Hibernate Core {5.4.3.Final}
2020-12-22 17:25:38 WARN  deprecation:91 - HHH90000012: Recognized obsolete hibernate namespace http://hibernate.sourceforge.net/hibernate-configuration. Use namespace http://www.hibernate.org/dtd/hibernate-configuration instead.  Support for obsolete DTD/XSD namespaces may be removed at any time.
2020-12-22 17:25:39 INFO  Version:49 - HCANN000001: Hibernate Commons Annotations {5.1.0.Final}
2020-12-22 17:25:39 WARN  pooling:72 - HHH10001002: Using Hibernate built-in connection pool (not for production use!)
2020-12-22 17:25:39 INFO  pooling:115 - HHH10001005: using driver [com.mysql.cj.jdbc.Driver] at URL [jdbc:mysql://localhost:3306/magproduct?serverTimezone=UTC]
2020-12-22 17:25:39 INFO  pooling:124 - HHH10001001: Connection properties: {password=****, user=root}
2020-12-22 17:25:39 INFO  pooling:129 - HHH10001003: Autocommit mode: false
2020-12-22 17:25:39 INFO  DriverManagerConnectionProviderImpl:239 - HHH000115: Hibernate connection pool size: 20 (min=1)
2020-12-22 17:25:40 INFO  Dialect:158 - HHH000400: Using dialect: org.hibernate.dialect.MySQLDialect
2020-12-22 17:26:17 INFO  Version:46 - HHH000412: Hibernate Core {5.4.3.Final}
2020-12-22 17:26:18 WARN  deprecation:91 - HHH90000012: Recognized obsolete hibernate namespace http://hibernate.sourceforge.net/hibernate-configuration. Use namespace http://www.hibernate.org/dtd/hibernate-configuration instead.  Support for obsolete DTD/XSD namespaces may be removed at any time.
2020-12-22 17:26:19 INFO  Version:49 - HCANN000001: Hibernate Commons Annotations {5.1.0.Final}
2020-12-22 17:26:19 WARN  pooling:72 - HHH10001002: Using Hibernate built-in connection pool (not for production use!)
2020-12-22 17:26:20 INFO  pooling:115 - HHH10001005: using driver [com.mysql.cj.jdbc.Driver] at URL [jdbc:mysql://localhost:3306/magproduct?serverTimezone=UTC]
2020-12-22 17:26:20 INFO  pooling:124 - HHH10001001: Connection properties: {password=****, user=root}
2020-12-22 17:26:20 INFO  pooling:129 - HHH10001003: Autocommit mode: false
2020-12-22 17:26:20 INFO  DriverManagerConnectionProviderImpl:239 - HHH000115: Hibernate connection pool size: 20 (min=1)
2020-12-22 17:26:20 INFO  Dialect:158 - HHH000400: Using dialect: org.hibernate.dialect.MySQLDialect
2020-12-22 17:26:52 INFO  Version:46 - HHH000412: Hibernate Core {5.4.3.Final}
2020-12-22 17:26:52 WARN  deprecation:91 - HHH90000012: Recognized obsolete hibernate namespace http://hibernate.sourceforge.net/hibernate-configuration. Use namespace http://www.hibernate.org/dtd/hibernate-configuration instead.  Support for obsolete DTD/XSD namespaces may be removed at any time.
2020-12-22 17:26:53 INFO  Version:49 - HCANN000001: Hibernate Commons Annotations {5.1.0.Final}
2020-12-22 17:26:54 WARN  pooling:72 - HHH10001002: Using Hibernate built-in connection pool (not for production use!)
2020-12-22 17:26:54 INFO  pooling:115 - HHH10001005: using driver [com.mysql.cj.jdbc.Driver] at URL [jdbc:mysql://localhost:3306/magproduct?serverTimezone=UTC]
2020-12-22 17:26:54 INFO  pooling:124 - HHH10001001: Connection properties: {password=****, user=root}
2020-12-22 17:26:54 INFO  pooling:129 - HHH10001003: Autocommit mode: false
2020-12-22 17:26:54 INFO  DriverManagerConnectionProviderImpl:239 - HHH000115: Hibernate connection pool size: 20 (min=1)
2020-12-22 17:26:55 INFO  Dialect:158 - HHH000400: Using dialect: org.hibernate.dialect.MySQLDialect
2020-12-22 17:27:33 INFO  Version:46 - HHH000412: Hibernate Core {5.4.3.Final}
2020-12-22 17:27:34 WARN  deprecation:91 - HHH90000012: Recognized obsolete hibernate namespace http://hibernate.sourceforge.net/hibernate-configuration. Use namespace http://www.hibernate.org/dtd/hibernate-configuration instead.  Support for obsolete DTD/XSD namespaces may be removed at any time.
2020-12-22 17:27:35 INFO  Version:49 - HCANN000001: Hibernate Commons Annotations {5.1.0.Final}
2020-12-22 17:27:35 WARN  pooling:72 - HHH10001002: Using Hibernate built-in connection pool (not for production use!)
2020-12-22 17:27:35 INFO  pooling:115 - HHH10001005: using driver [com.mysql.cj.jdbc.Driver] at URL [jdbc:mysql://localhost:3306/magproduct?serverTimezone=UTC]
2020-12-22 17:27:35 INFO  pooling:124 - HHH10001001: Connection properties: {password=****, user=root}
2020-12-22 17:27:35 INFO  pooling:129 - HHH10001003: Autocommit mode: false
2020-12-22 17:27:35 INFO  DriverManagerConnectionProviderImpl:239 - HHH000115: Hibernate connection pool size: 20 (min=1)
2020-12-22 17:27:36 INFO  Dialect:158 - HHH000400: Using dialect: org.hibernate.dialect.MySQLDialect
2020-12-22 17:33:00 INFO  Version:46 - HHH000412: Hibernate Core {5.4.3.Final}
2020-12-22 17:33:00 WARN  deprecation:91 - HHH90000012: Recognized obsolete hibernate namespace http://hibernate.sourceforge.net/hibernate-configuration. Use namespace http://www.hibernate.org/dtd/hibernate-configuration instead.  Support for obsolete DTD/XSD namespaces may be removed at any time.
2020-12-22 17:33:01 INFO  Version:49 - HCANN000001: Hibernate Commons Annotations {5.1.0.Final}
2020-12-22 17:33:01 WARN  pooling:72 - HHH10001002: Using Hibernate built-in connection pool (not for production use!)
2020-12-22 17:33:01 INFO  pooling:115 - HHH10001005: using driver [com.mysql.cj.jdbc.Driver] at URL [jdbc:mysql://localhost:3306/magproduct?serverTimezone=UTC]
2020-12-22 17:33:01 INFO  pooling:124 - HHH10001001: Connection properties: {password=****, user=root}
2020-12-22 17:33:01 INFO  pooling:129 - HHH10001003: Autocommit mode: false
2020-12-22 17:33:01 INFO  DriverManagerConnectionProviderImpl:239 - HHH000115: Hibernate connection pool size: 20 (min=1)
2020-12-22 17:33:02 INFO  Dialect:158 - HHH000400: Using dialect: org.hibernate.dialect.MySQLDialect
2020-12-22 17:33:20 INFO  Version:46 - HHH000412: Hibernate Core {5.4.3.Final}
2020-12-22 17:33:21 WARN  deprecation:91 - HHH90000012: Recognized obsolete hibernate namespace http://hibernate.sourceforge.net/hibernate-configuration. Use namespace http://www.hibernate.org/dtd/hibernate-configuration instead.  Support for obsolete DTD/XSD namespaces may be removed at any time.
2020-12-22 17:33:22 INFO  Version:49 - HCANN000001: Hibernate Commons Annotations {5.1.0.Final}
2020-12-22 17:33:22 WARN  pooling:72 - HHH10001002: Using Hibernate built-in connection pool (not for production use!)
2020-12-22 17:33:22 INFO  pooling:115 - HHH10001005: using driver [com.mysql.cj.jdbc.Driver] at URL [jdbc:mysql://localhost:3306/magproduct?serverTimezone=UTC]
2020-12-22 17:33:22 INFO  pooling:124 - HHH10001001: Connection properties: {password=****, user=root}
2020-12-22 17:33:22 INFO  pooling:129 - HHH10001003: Autocommit mode: false
2020-12-22 17:33:22 INFO  DriverManagerConnectionProviderImpl:239 - HHH000115: Hibernate connection pool size: 20 (min=1)
2020-12-22 17:33:23 INFO  Dialect:158 - HHH000400: Using dialect: org.hibernate.dialect.MySQLDialect
2020-12-22 17:33:53 INFO  Version:46 - HHH000412: Hibernate Core {5.4.3.Final}
2020-12-22 17:33:53 WARN  deprecation:91 - HHH90000012: Recognized obsolete hibernate namespace http://hibernate.sourceforge.net/hibernate-configuration. Use namespace http://www.hibernate.org/dtd/hibernate-configuration instead.  Support for obsolete DTD/XSD namespaces may be removed at any time.
2020-12-22 17:33:54 INFO  Version:49 - HCANN000001: Hibernate Commons Annotations {5.1.0.Final}
2020-12-22 17:33:55 WARN  pooling:72 - HHH10001002: Using Hibernate built-in connection pool (not for production use!)
2020-12-22 17:33:55 INFO  pooling:115 - HHH10001005: using driver [com.mysql.cj.jdbc.Driver] at URL [jdbc:mysql://localhost:3306/magproduct?serverTimezone=UTC]
2020-12-22 17:33:55 INFO  pooling:124 - HHH10001001: Connection properties: {password=****, user=root}
2020-12-22 17:33:55 INFO  pooling:129 - HHH10001003: Autocommit mode: false
2020-12-22 17:33:55 INFO  DriverManagerConnectionProviderImpl:239 - HHH000115: Hibernate connection pool size: 20 (min=1)
2020-12-22 17:33:56 INFO  Dialect:158 - HHH000400: Using dialect: org.hibernate.dialect.MySQLDialect
2020-12-22 17:36:34 INFO  Version:46 - HHH000412: Hibernate Core {5.4.3.Final}
2020-12-22 17:36:35 WARN  deprecation:91 - HHH90000012: Recognized obsolete hibernate namespace http://hibernate.sourceforge.net/hibernate-configuration. Use namespace http://www.hibernate.org/dtd/hibernate-configuration instead.  Support for obsolete DTD/XSD namespaces may be removed at any time.
2020-12-22 17:36:36 INFO  Version:49 - HCANN000001: Hibernate Commons Annotations {5.1.0.Final}
2020-12-22 17:36:36 WARN  pooling:72 - HHH10001002: Using Hibernate built-in connection pool (not for production use!)
2020-12-22 17:36:36 INFO  pooling:115 - HHH10001005: using driver [com.mysql.cj.jdbc.Driver] at URL [jdbc:mysql://localhost:3306/magproduct?serverTimezone=UTC]
2020-12-22 17:36:36 INFO  pooling:124 - HHH10001001: Connection properties: {password=****, user=root}
2020-12-22 17:36:36 INFO  pooling:129 - HHH10001003: Autocommit mode: false
2020-12-22 17:36:36 INFO  DriverManagerConnectionProviderImpl:239 - HHH000115: Hibernate connection pool size: 20 (min=1)
2020-12-22 17:36:37 INFO  Dialect:158 - HHH000400: Using dialect: org.hibernate.dialect.MySQLDialect
2020-12-22 17:37:42 INFO  Version:46 - HHH000412: Hibernate Core {5.4.3.Final}
2020-12-22 17:37:43 WARN  deprecation:91 - HHH90000012: Recognized obsolete hibernate namespace http://hibernate.sourceforge.net/hibernate-configuration. Use namespace http://www.hibernate.org/dtd/hibernate-configuration instead.  Support for obsolete DTD/XSD namespaces may be removed at any time.
2020-12-22 17:37:44 INFO  Version:49 - HCANN000001: Hibernate Commons Annotations {5.1.0.Final}
2020-12-22 17:37:44 WARN  pooling:72 - HHH10001002: Using Hibernate built-in connection pool (not for production use!)
2020-12-22 17:37:44 INFO  pooling:115 - HHH10001005: using driver [com.mysql.cj.jdbc.Driver] at URL [jdbc:mysql://localhost:3306/magproduct?serverTimezone=UTC]
2020-12-22 17:37:44 INFO  pooling:124 - HHH10001001: Connection properties: {password=****, user=root}
2020-12-22 17:37:44 INFO  pooling:129 - HHH10001003: Autocommit mode: false
2020-12-22 17:37:44 INFO  DriverManagerConnectionProviderImpl:239 - HHH000115: Hibernate connection pool size: 20 (min=1)
2020-12-22 17:37:45 INFO  Dialect:158 - HHH000400: Using dialect: org.hibernate.dialect.MySQLDialect
2020-12-22 17:38:14 INFO  Version:46 - HHH000412: Hibernate Core {5.4.3.Final}
2020-12-22 17:38:14 WARN  deprecation:91 - HHH90000012: Recognized obsolete hibernate namespace http://hibernate.sourceforge.net/hibernate-configuration. Use namespace http://www.hibernate.org/dtd/hibernate-configuration instead.  Support for obsolete DTD/XSD namespaces may be removed at any time.
2020-12-22 17:38:15 INFO  Version:49 - HCANN000001: Hibernate Commons Annotations {5.1.0.Final}
2020-12-22 17:38:15 WARN  pooling:72 - HHH10001002: Using Hibernate built-in connection pool (not for production use!)
2020-12-22 17:38:15 INFO  pooling:115 - HHH10001005: using driver [com.mysql.cj.jdbc.Driver] at URL [jdbc:mysql://localhost:3306/magproduct?serverTimezone=UTC]
2020-12-22 17:38:15 INFO  pooling:124 - HHH10001001: Connection properties: {password=****, user=root}
2020-12-22 17:38:15 INFO  pooling:129 - HHH10001003: Autocommit mode: false
2020-12-22 17:38:15 INFO  DriverManagerConnectionProviderImpl:239 - HHH000115: Hibernate connection pool size: 20 (min=1)
2020-12-22 17:38:16 INFO  Dialect:158 - HHH000400: Using dialect: org.hibernate.dialect.MySQLDialect
2020-12-22 17:41:26 INFO  Version:46 - HHH000412: Hibernate Core {5.4.3.Final}
2020-12-22 17:41:26 WARN  deprecation:91 - HHH90000012: Recognized obsolete hibernate namespace http://hibernate.sourceforge.net/hibernate-configuration. Use namespace http://www.hibernate.org/dtd/hibernate-configuration instead.  Support for obsolete DTD/XSD namespaces may be removed at any time.
2020-12-22 17:41:27 INFO  Version:49 - HCANN000001: Hibernate Commons Annotations {5.1.0.Final}
2020-12-22 17:41:28 WARN  pooling:72 - HHH10001002: Using Hibernate built-in connection pool (not for production use!)
2020-12-22 17:41:28 INFO  pooling:115 - HHH10001005: using driver [com.mysql.cj.jdbc.Driver] at URL [jdbc:mysql://localhost:3306/magproduct?serverTimezone=UTC]
2020-12-22 17:41:28 INFO  pooling:124 - HHH10001001: Connection properties: {password=****, user=root}
2020-12-22 17:41:28 INFO  pooling:129 - HHH10001003: Autocommit mode: false
2020-12-22 17:41:28 INFO  DriverManagerConnectionProviderImpl:239 - HHH000115: Hibernate connection pool size: 20 (min=1)
2020-12-22 17:41:29 INFO  Dialect:158 - HHH000400: Using dialect: org.hibernate.dialect.MySQLDialect
2020-12-22 17:51:24 INFO  Version:46 - HHH000412: Hibernate Core {5.4.3.Final}
2020-12-22 17:51:24 WARN  deprecation:91 - HHH90000012: Recognized obsolete hibernate namespace http://hibernate.sourceforge.net/hibernate-configuration. Use namespace http://www.hibernate.org/dtd/hibernate-configuration instead.  Support for obsolete DTD/XSD namespaces may be removed at any time.
2020-12-22 17:51:25 INFO  Version:49 - HCANN000001: Hibernate Commons Annotations {5.1.0.Final}
2020-12-22 17:51:25 WARN  pooling:72 - HHH10001002: Using Hibernate built-in connection pool (not for production use!)
2020-12-22 17:51:25 INFO  pooling:115 - HHH10001005: using driver [com.mysql.cj.jdbc.Driver] at URL [jdbc:mysql://localhost:3306/magproduct?serverTimezone=UTC]
2020-12-22 17:51:25 INFO  pooling:124 - HHH10001001: Connection properties: {password=****, user=root}
2020-12-22 17:51:25 INFO  pooling:129 - HHH10001003: Autocommit mode: false
2020-12-22 17:51:25 INFO  DriverManagerConnectionProviderImpl:239 - HHH000115: Hibernate connection pool size: 20 (min=1)
2020-12-22 17:51:26 INFO  Dialect:158 - HHH000400: Using dialect: org.hibernate.dialect.MySQLDialect
2020-12-22 17:53:14 INFO  Version:46 - HHH000412: Hibernate Core {5.4.3.Final}
2020-12-22 17:53:15 WARN  deprecation:91 - HHH90000012: Recognized obsolete hibernate namespace http://hibernate.sourceforge.net/hibernate-configuration. Use namespace http://www.hibernate.org/dtd/hibernate-configuration instead.  Support for obsolete DTD/XSD namespaces may be removed at any time.
2020-12-22 17:53:16 INFO  Version:49 - HCANN000001: Hibernate Commons Annotations {5.1.0.Final}
2020-12-22 17:53:16 WARN  pooling:72 - HHH10001002: Using Hibernate built-in connection pool (not for production use!)
2020-12-22 17:53:16 INFO  pooling:115 - HHH10001005: using driver [com.mysql.cj.jdbc.Driver] at URL [jdbc:mysql://localhost:3306/magproduct?serverTimezone=UTC]
2020-12-22 17:53:16 INFO  pooling:124 - HHH10001001: Connection properties: {password=****, user=root}
2020-12-22 17:53:16 INFO  pooling:129 - HHH10001003: Autocommit mode: false
2020-12-22 17:53:16 INFO  DriverManagerConnectionProviderImpl:239 - HHH000115: Hibernate connection pool size: 20 (min=1)
2020-12-22 17:53:17 INFO  Dialect:158 - HHH000400: Using dialect: org.hibernate.dialect.MySQLDialect
2020-12-22 17:54:01 INFO  Version:46 - HHH000412: Hibernate Core {5.4.3.Final}
2020-12-22 17:54:02 WARN  deprecation:91 - HHH90000012: Recognized obsolete hibernate namespace http://hibernate.sourceforge.net/hibernate-configuration. Use namespace http://www.hibernate.org/dtd/hibernate-configuration instead.  Support for obsolete DTD/XSD namespaces may be removed at any time.
2020-12-22 17:54:03 INFO  Version:49 - HCANN000001: Hibernate Commons Annotations {5.1.0.Final}
2020-12-22 17:54:03 WARN  pooling:72 - HHH10001002: Using Hibernate built-in connection pool (not for production use!)
2020-12-22 17:54:03 INFO  pooling:115 - HHH10001005: using driver [com.mysql.cj.jdbc.Driver] at URL [jdbc:mysql://localhost:3306/magproduct?serverTimezone=UTC]
2020-12-22 17:54:03 INFO  pooling:124 - HHH10001001: Connection properties: {password=****, user=root}
2020-12-22 17:54:03 INFO  pooling:129 - HHH10001003: Autocommit mode: false
2020-12-22 17:54:03 INFO  DriverManagerConnectionProviderImpl:239 - HHH000115: Hibernate connection pool size: 20 (min=1)
2020-12-22 17:54:04 INFO  Dialect:158 - HHH000400: Using dialect: org.hibernate.dialect.MySQLDialect
2020-12-22 17:56:50 INFO  Version:46 - HHH000412: Hibernate Core {5.4.3.Final}
2020-12-22 17:56:51 WARN  deprecation:91 - HHH90000012: Recognized obsolete hibernate namespace http://hibernate.sourceforge.net/hibernate-configuration. Use namespace http://www.hibernate.org/dtd/hibernate-configuration instead.  Support for obsolete DTD/XSD namespaces may be removed at any time.
2020-12-22 17:56:52 INFO  Version:49 - HCANN000001: Hibernate Commons Annotations {5.1.0.Final}
2020-12-22 17:56:52 WARN  pooling:72 - HHH10001002: Using Hibernate built-in connection pool (not for production use!)
2020-12-22 17:56:52 INFO  pooling:115 - HHH10001005: using driver [com.mysql.cj.jdbc.Driver] at URL [jdbc:mysql://localhost:3306/magproduct?serverTimezone=UTC]
2020-12-22 17:56:52 INFO  pooling:124 - HHH10001001: Connection properties: {password=****, user=root}
2020-12-22 17:56:52 INFO  pooling:129 - HHH10001003: Autocommit mode: false
2020-12-22 17:56:52 INFO  DriverManagerConnectionProviderImpl:239 - HHH000115: Hibernate connection pool size: 20 (min=1)
2020-12-22 17:56:53 INFO  Dialect:158 - HHH000400: Using dialect: org.hibernate.dialect.MySQLDialect
2020-12-22 17:58:40 INFO  Version:46 - HHH000412: Hibernate Core {5.4.3.Final}
2020-12-22 17:58:41 WARN  deprecation:91 - HHH90000012: Recognized obsolete hibernate namespace http://hibernate.sourceforge.net/hibernate-configuration. Use namespace http://www.hibernate.org/dtd/hibernate-configuration instead.  Support for obsolete DTD/XSD namespaces may be removed at any time.
2020-12-22 17:58:42 INFO  Version:49 - HCANN000001: Hibernate Commons Annotations {5.1.0.Final}
2020-12-22 17:58:42 WARN  pooling:72 - HHH10001002: Using Hibernate built-in connection pool (not for production use!)
2020-12-22 17:58:42 INFO  pooling:115 - HHH10001005: using driver [com.mysql.cj.jdbc.Driver] at URL [jdbc:mysql://localhost:3306/magproduct?serverTimezone=UTC]
2020-12-22 17:58:42 INFO  pooling:124 - HHH10001001: Connection properties: {password=****, user=root}
2020-12-22 17:58:42 INFO  pooling:129 - HHH10001003: Autocommit mode: false
2020-12-22 17:58:42 INFO  DriverManagerConnectionProviderImpl:239 - HHH000115: Hibernate connection pool size: 20 (min=1)
2020-12-22 17:58:43 INFO  Dialect:158 - HHH000400: Using dialect: org.hibernate.dialect.MySQLDialect
2020-12-22 17:59:48 INFO  Version:46 - HHH000412: Hibernate Core {5.4.3.Final}
2020-12-22 17:59:48 WARN  deprecation:91 - HHH90000012: Recognized obsolete hibernate namespace http://hibernate.sourceforge.net/hibernate-configuration. Use namespace http://www.hibernate.org/dtd/hibernate-configuration instead.  Support for obsolete DTD/XSD namespaces may be removed at any time.
2020-12-22 17:59:49 INFO  Version:49 - HCANN000001: Hibernate Commons Annotations {5.1.0.Final}
2020-12-22 17:59:50 WARN  pooling:72 - HHH10001002: Using Hibernate built-in connection pool (not for production use!)
2020-12-22 17:59:50 INFO  pooling:115 - HHH10001005: using driver [com.mysql.cj.jdbc.Driver] at URL [jdbc:mysql://localhost:3306/magproduct?serverTimezone=UTC]
2020-12-22 17:59:50 INFO  pooling:124 - HHH10001001: Connection properties: {password=****, user=root}
2020-12-22 17:59:50 INFO  pooling:129 - HHH10001003: Autocommit mode: false
2020-12-22 17:59:50 INFO  DriverManagerConnectionProviderImpl:239 - HHH000115: Hibernate connection pool size: 20 (min=1)
2020-12-22 17:59:51 INFO  Dialect:158 - HHH000400: Using dialect: org.hibernate.dialect.MySQLDialect
2020-12-22 18:01:08 INFO  Version:46 - HHH000412: Hibernate Core {5.4.3.Final}
2020-12-22 18:01:08 WARN  deprecation:91 - HHH90000012: Recognized obsolete hibernate namespace http://hibernate.sourceforge.net/hibernate-configuration. Use namespace http://www.hibernate.org/dtd/hibernate-configuration instead.  Support for obsolete DTD/XSD namespaces may be removed at any time.
2020-12-22 18:01:10 INFO  Version:49 - HCANN000001: Hibernate Commons Annotations {5.1.0.Final}
2020-12-22 18:01:10 WARN  pooling:72 - HHH10001002: Using Hibernate built-in connection pool (not for production use!)
2020-12-22 18:01:10 INFO  pooling:115 - HHH10001005: using driver [com.mysql.cj.jdbc.Driver] at URL [jdbc:mysql://localhost:3306/magproduct?serverTimezone=UTC]
2020-12-22 18:01:10 INFO  pooling:124 - HHH10001001: Connection properties: {password=****, user=root}
2020-12-22 18:01:10 INFO  pooling:129 - HHH10001003: Autocommit mode: false
2020-12-22 18:01:10 INFO  DriverManagerConnectionProviderImpl:239 - HHH000115: Hibernate connection pool size: 20 (min=1)
2020-12-22 18:01:11 INFO  Dialect:158 - HHH000400: Using dialect: org.hibernate.dialect.MySQLDialect
2020-12-22 18:01:53 INFO  Version:46 - HHH000412: Hibernate Core {5.4.3.Final}
2020-12-22 18:01:54 WARN  deprecation:91 - HHH90000012: Recognized obsolete hibernate namespace http://hibernate.sourceforge.net/hibernate-configuration. Use namespace http://www.hibernate.org/dtd/hibernate-configuration instead.  Support for obsolete DTD/XSD namespaces may be removed at any time.
2020-12-22 18:01:55 INFO  Version:49 - HCANN000001: Hibernate Commons Annotations {5.1.0.Final}
2020-12-22 18:01:55 WARN  pooling:72 - HHH10001002: Using Hibernate built-in connection pool (not for production use!)
2020-12-22 18:01:55 INFO  pooling:115 - HHH10001005: using driver [com.mysql.cj.jdbc.Driver] at URL [jdbc:mysql://localhost:3306/magproduct?serverTimezone=UTC]
2020-12-22 18:01:55 INFO  pooling:124 - HHH10001001: Connection properties: {password=****, user=root}
2020-12-22 18:01:55 INFO  pooling:129 - HHH10001003: Autocommit mode: false
2020-12-22 18:01:55 INFO  DriverManagerConnectionProviderImpl:239 - HHH000115: Hibernate connection pool size: 20 (min=1)
2020-12-22 18:01:56 INFO  Dialect:158 - HHH000400: Using dialect: org.hibernate.dialect.MySQLDialect
2020-12-22 22:27:05 INFO  Version:46 - HHH000412: Hibernate Core {5.4.3.Final}
2020-12-22 22:27:06 WARN  deprecation:91 - HHH90000012: Recognized obsolete hibernate namespace http://hibernate.sourceforge.net/hibernate-configuration. Use namespace http://www.hibernate.org/dtd/hibernate-configuration instead.  Support for obsolete DTD/XSD namespaces may be removed at any time.
2020-12-22 22:27:07 INFO  Version:49 - HCANN000001: Hibernate Commons Annotations {5.1.0.Final}
2020-12-22 22:27:07 WARN  pooling:72 - HHH10001002: Using Hibernate built-in connection pool (not for production use!)
2020-12-22 22:27:07 INFO  pooling:115 - HHH10001005: using driver [com.mysql.cj.jdbc.Driver] at URL [jdbc:mysql://localhost:3306/magproduct?serverTimezone=UTC]
2020-12-22 22:27:07 INFO  pooling:124 - HHH10001001: Connection properties: {password=****, user=root}
2020-12-22 22:27:07 INFO  pooling:129 - HHH10001003: Autocommit mode: false
2020-12-22 22:27:07 INFO  DriverManagerConnectionProviderImpl:239 - HHH000115: Hibernate connection pool size: 20 (min=1)
2020-12-22 22:27:08 INFO  Dialect:158 - HHH000400: Using dialect: org.hibernate.dialect.MySQLDialect
2020-12-22 22:33:03 INFO  Version:46 - HHH000412: Hibernate Core {5.4.3.Final}
2020-12-22 22:33:03 WARN  deprecation:91 - HHH90000012: Recognized obsolete hibernate namespace http://hibernate.sourceforge.net/hibernate-configuration. Use namespace http://www.hibernate.org/dtd/hibernate-configuration instead.  Support for obsolete DTD/XSD namespaces may be removed at any time.
2020-12-22 22:33:04 INFO  Version:49 - HCANN000001: Hibernate Commons Annotations {5.1.0.Final}
2020-12-22 22:33:05 WARN  pooling:72 - HHH10001002: Using Hibernate built-in connection pool (not for production use!)
2020-12-22 22:33:05 INFO  pooling:115 - HHH10001005: using driver [com.mysql.cj.jdbc.Driver] at URL [jdbc:mysql://localhost:3306/magproduct?serverTimezone=UTC]
2020-12-22 22:33:05 INFO  pooling:124 - HHH10001001: Connection properties: {password=****, user=root}
2020-12-22 22:33:05 INFO  pooling:129 - HHH10001003: Autocommit mode: false
2020-12-22 22:33:05 INFO  DriverManagerConnectionProviderImpl:239 - HHH000115: Hibernate connection pool size: 20 (min=1)
2020-12-22 22:33:06 INFO  Dialect:158 - HHH000400: Using dialect: org.hibernate.dialect.MySQLDialect
2020-12-22 22:35:38 INFO  Version:46 - HHH000412: Hibernate Core {5.4.3.Final}
2020-12-22 22:35:39 WARN  deprecation:91 - HHH90000012: Recognized obsolete hibernate namespace http://hibernate.sourceforge.net/hibernate-configuration. Use namespace http://www.hibernate.org/dtd/hibernate-configuration instead.  Support for obsolete DTD/XSD namespaces may be removed at any time.
2020-12-22 22:35:40 INFO  Version:49 - HCANN000001: Hibernate Commons Annotations {5.1.0.Final}
2020-12-22 22:35:40 WARN  pooling:72 - HHH10001002: Using Hibernate built-in connection pool (not for production use!)
2020-12-22 22:35:40 INFO  pooling:115 - HHH10001005: using driver [com.mysql.cj.jdbc.Driver] at URL [jdbc:mysql://localhost:3306/magproduct?serverTimezone=UTC]
2020-12-22 22:35:40 INFO  pooling:124 - HHH10001001: Connection properties: {password=****, user=root}
2020-12-22 22:35:40 INFO  pooling:129 - HHH10001003: Autocommit mode: false
2020-12-22 22:35:40 INFO  DriverManagerConnectionProviderImpl:239 - HHH000115: Hibernate connection pool size: 20 (min=1)
2020-12-22 22:35:41 INFO  Dialect:158 - HHH000400: Using dialect: org.hibernate.dialect.MySQLDialect
2020-12-22 22:37:18 INFO  Version:46 - HHH000412: Hibernate Core {5.4.3.Final}
2020-12-22 22:37:19 WARN  deprecation:91 - HHH90000012: Recognized obsolete hibernate namespace http://hibernate.sourceforge.net/hibernate-configuration. Use namespace http://www.hibernate.org/dtd/hibernate-configuration instead.  Support for obsolete DTD/XSD namespaces may be removed at any time.
2020-12-22 22:37:19 INFO  Version:49 - HCANN000001: Hibernate Commons Annotations {5.1.0.Final}
2020-12-22 22:37:20 WARN  pooling:72 - HHH10001002: Using Hibernate built-in connection pool (not for production use!)
2020-12-22 22:37:20 INFO  pooling:115 - HHH10001005: using driver [com.mysql.cj.jdbc.Driver] at URL [jdbc:mysql://localhost:3306/magproduct?serverTimezone=UTC]
2020-12-22 22:37:20 INFO  pooling:124 - HHH10001001: Connection properties: {password=****, user=root}
2020-12-22 22:37:20 INFO  pooling:129 - HHH10001003: Autocommit mode: false
2020-12-22 22:37:20 INFO  DriverManagerConnectionProviderImpl:239 - HHH000115: Hibernate connection pool size: 20 (min=1)
2020-12-22 22:37:21 INFO  Dialect:158 - HHH000400: Using dialect: org.hibernate.dialect.MySQLDialect
2020-12-22 22:40:38 INFO  Version:46 - HHH000412: Hibernate Core {5.4.3.Final}
2020-12-22 22:40:39 WARN  deprecation:91 - HHH90000012: Recognized obsolete hibernate namespace http://hibernate.sourceforge.net/hibernate-configuration. Use namespace http://www.hibernate.org/dtd/hibernate-configuration instead.  Support for obsolete DTD/XSD namespaces may be removed at any time.
2020-12-22 22:40:40 INFO  Version:49 - HCANN000001: Hibernate Commons Annotations {5.1.0.Final}
2020-12-22 22:40:41 WARN  pooling:72 - HHH10001002: Using Hibernate built-in connection pool (not for production use!)
2020-12-22 22:40:41 INFO  pooling:115 - HHH10001005: using driver [com.mysql.cj.jdbc.Driver] at URL [jdbc:mysql://localhost:3306/magproduct?serverTimezone=UTC]
2020-12-22 22:40:41 INFO  pooling:124 - HHH10001001: Connection properties: {password=****, user=root}
2020-12-22 22:40:41 INFO  pooling:129 - HHH10001003: Autocommit mode: false
2020-12-22 22:40:41 INFO  DriverManagerConnectionProviderImpl:239 - HHH000115: Hibernate connection pool size: 20 (min=1)
2020-12-22 22:40:41 INFO  Dialect:158 - HHH000400: Using dialect: org.hibernate.dialect.MySQLDialect
2020-12-23 11:31:25 INFO  Version:46 - HHH000412: Hibernate Core {5.4.3.Final}
2020-12-23 11:31:25 WARN  deprecation:91 - HHH90000012: Recognized obsolete hibernate namespace http://hibernate.sourceforge.net/hibernate-configuration. Use namespace http://www.hibernate.org/dtd/hibernate-configuration instead.  Support for obsolete DTD/XSD namespaces may be removed at any time.
2020-12-23 11:31:26 INFO  Version:49 - HCANN000001: Hibernate Commons Annotations {5.1.0.Final}
2020-12-23 11:31:26 WARN  pooling:72 - HHH10001002: Using Hibernate built-in connection pool (not for production use!)
2020-12-23 11:31:26 INFO  pooling:115 - HHH10001005: using driver [com.mysql.cj.jdbc.Driver] at URL [jdbc:mysql://localhost:3306/magproduct?serverTimezone=UTC]
2020-12-23 11:31:26 INFO  pooling:124 - HHH10001001: Connection properties: {password=****, user=root}
2020-12-23 11:31:26 INFO  pooling:129 - HHH10001003: Autocommit mode: false
2020-12-23 11:31:26 INFO  DriverManagerConnectionProviderImpl:239 - HHH000115: Hibernate connection pool size: 20 (min=1)
2020-12-23 11:31:27 INFO  Dialect:158 - HHH000400: Using dialect: org.hibernate.dialect.MySQLDialect
2020-12-23 11:33:23 INFO  Version:46 - HHH000412: Hibernate Core {5.4.3.Final}
2020-12-23 11:33:23 WARN  deprecation:91 - HHH90000012: Recognized obsolete hibernate namespace http://hibernate.sourceforge.net/hibernate-configuration. Use namespace http://www.hibernate.org/dtd/hibernate-configuration instead.  Support for obsolete DTD/XSD namespaces may be removed at any time.
2020-12-23 11:33:24 INFO  Version:49 - HCANN000001: Hibernate Commons Annotations {5.1.0.Final}
2020-12-23 11:33:24 WARN  pooling:72 - HHH10001002: Using Hibernate built-in connection pool (not for production use!)
2020-12-23 11:33:25 INFO  pooling:115 - HHH10001005: using driver [com.mysql.cj.jdbc.Driver] at URL [jdbc:mysql://localhost:3306/magproduct?serverTimezone=UTC]
2020-12-23 11:33:25 INFO  pooling:124 - HHH10001001: Connection properties: {password=****, user=root}
2020-12-23 11:33:25 INFO  pooling:129 - HHH10001003: Autocommit mode: false
2020-12-23 11:33:25 INFO  DriverManagerConnectionProviderImpl:239 - HHH000115: Hibernate connection pool size: 20 (min=1)
2020-12-23 11:33:25 INFO  Dialect:158 - HHH000400: Using dialect: org.hibernate.dialect.MySQLDialect
2020-12-23 11:42:10 INFO  Version:46 - HHH000412: Hibernate Core {5.4.3.Final}
2020-12-23 11:42:10 WARN  deprecation:91 - HHH90000012: Recognized obsolete hibernate namespace http://hibernate.sourceforge.net/hibernate-configuration. Use namespace http://www.hibernate.org/dtd/hibernate-configuration instead.  Support for obsolete DTD/XSD namespaces may be removed at any time.
2020-12-23 11:42:11 INFO  Version:49 - HCANN000001: Hibernate Commons Annotations {5.1.0.Final}
2020-12-23 11:42:12 WARN  pooling:72 - HHH10001002: Using Hibernate built-in connection pool (not for production use!)
2020-12-23 11:42:12 INFO  pooling:115 - HHH10001005: using driver [com.mysql.cj.jdbc.Driver] at URL [jdbc:mysql://localhost:3306/magproduct?serverTimezone=UTC]
2020-12-23 11:42:12 INFO  pooling:124 - HHH10001001: Connection properties: {password=****, user=root}
2020-12-23 11:42:12 INFO  pooling:129 - HHH10001003: Autocommit mode: false
2020-12-23 11:42:12 INFO  DriverManagerConnectionProviderImpl:239 - HHH000115: Hibernate connection pool size: 20 (min=1)
2020-12-23 11:42:12 INFO  Dialect:158 - HHH000400: Using dialect: org.hibernate.dialect.MySQLDialect
2020-12-23 11:42:36 INFO  Version:46 - HHH000412: Hibernate Core {5.4.3.Final}
2020-12-23 11:42:37 WARN  deprecation:91 - HHH90000012: Recognized obsolete hibernate namespace http://hibernate.sourceforge.net/hibernate-configuration. Use namespace http://www.hibernate.org/dtd/hibernate-configuration instead.  Support for obsolete DTD/XSD namespaces may be removed at any time.
2020-12-23 11:42:38 INFO  Version:49 - HCANN000001: Hibernate Commons Annotations {5.1.0.Final}
2020-12-23 11:42:38 WARN  pooling:72 - HHH10001002: Using Hibernate built-in connection pool (not for production use!)
2020-12-23 11:42:38 INFO  pooling:115 - HHH10001005: using driver [com.mysql.cj.jdbc.Driver] at URL [jdbc:mysql://localhost:3306/magproduct?serverTimezone=UTC]
2020-12-23 11:42:38 INFO  pooling:124 - HHH10001001: Connection properties: {password=****, user=root}
2020-12-23 11:42:38 INFO  pooling:129 - HHH10001003: Autocommit mode: false
2020-12-23 11:42:38 INFO  DriverManagerConnectionProviderImpl:239 - HHH000115: Hibernate connection pool size: 20 (min=1)
2020-12-23 11:42:39 INFO  Dialect:158 - HHH000400: Using dialect: org.hibernate.dialect.MySQLDialect
2020-12-23 11:42:41 WARN  SqlExceptionHelper:137 - SQL Error: 1054, SQLState: 42S22
2020-12-23 11:42:41 ERROR SqlExceptionHelper:142 - Unknown column 'basketlist0_.User' in 'field list'
2020-12-23 11:43:08 INFO  Version:46 - HHH000412: Hibernate Core {5.4.3.Final}
2020-12-23 11:43:08 WARN  deprecation:91 - HHH90000012: Recognized obsolete hibernate namespace http://hibernate.sourceforge.net/hibernate-configuration. Use namespace http://www.hibernate.org/dtd/hibernate-configuration instead.  Support for obsolete DTD/XSD namespaces may be removed at any time.
2020-12-23 11:43:09 INFO  Version:49 - HCANN000001: Hibernate Commons Annotations {5.1.0.Final}
2020-12-23 11:43:09 WARN  pooling:72 - HHH10001002: Using Hibernate built-in connection pool (not for production use!)
2020-12-23 11:43:09 INFO  pooling:115 - HHH10001005: using driver [com.mysql.cj.jdbc.Driver] at URL [jdbc:mysql://localhost:3306/magproduct?serverTimezone=UTC]
2020-12-23 11:43:09 INFO  pooling:124 - HHH10001001: Connection properties: {password=****, user=root}
2020-12-23 11:43:09 INFO  pooling:129 - HHH10001003: Autocommit mode: false
2020-12-23 11:43:09 INFO  DriverManagerConnectionProviderImpl:239 - HHH000115: Hibernate connection pool size: 20 (min=1)
2020-12-23 11:43:10 INFO  Dialect:158 - HHH000400: Using dialect: org.hibernate.dialect.MySQLDialect
2020-12-23 11:43:12 WARN  SqlExceptionHelper:137 - SQL Error: 1054, SQLState: 42S22
2020-12-23 11:43:12 ERROR SqlExceptionHelper:142 - Unknown column 'basketlist0_.User' in 'field list'
2020-12-23 11:44:54 INFO  Version:46 - HHH000412: Hibernate Core {5.4.3.Final}
2020-12-23 11:44:54 WARN  deprecation:91 - HHH90000012: Recognized obsolete hibernate namespace http://hibernate.sourceforge.net/hibernate-configuration. Use namespace http://www.hibernate.org/dtd/hibernate-configuration instead.  Support for obsolete DTD/XSD namespaces may be removed at any time.
2020-12-23 11:44:55 INFO  Version:49 - HCANN000001: Hibernate Commons Annotations {5.1.0.Final}
2020-12-23 11:44:55 WARN  pooling:72 - HHH10001002: Using Hibernate built-in connection pool (not for production use!)
2020-12-23 11:44:55 INFO  pooling:115 - HHH10001005: using driver [com.mysql.cj.jdbc.Driver] at URL [jdbc:mysql://localhost:3306/magproduct?serverTimezone=UTC]
2020-12-23 11:44:55 INFO  pooling:124 - HHH10001001: Connection properties: {password=****, user=root}
2020-12-23 11:44:55 INFO  pooling:129 - HHH10001003: Autocommit mode: false
2020-12-23 11:44:55 INFO  DriverManagerConnectionProviderImpl:239 - HHH000115: Hibernate connection pool size: 20 (min=1)
2020-12-23 11:44:56 INFO  Dialect:158 - HHH000400: Using dialect: org.hibernate.dialect.MySQLDialect
2020-12-23 11:44:58 WARN  SqlExceptionHelper:137 - SQL Error: 1054, SQLState: 42S22
2020-12-23 11:44:58 ERROR SqlExceptionHelper:142 - Unknown column 'basketlist0_.User' in 'field list'
2020-12-23 11:46:28 INFO  Version:46 - HHH000412: Hibernate Core {5.4.3.Final}
2020-12-23 11:46:29 WARN  deprecation:91 - HHH90000012: Recognized obsolete hibernate namespace http://hibernate.sourceforge.net/hibernate-configuration. Use namespace http://www.hibernate.org/dtd/hibernate-configuration instead.  Support for obsolete DTD/XSD namespaces may be removed at any time.
2020-12-23 11:46:30 INFO  Version:49 - HCANN000001: Hibernate Commons Annotations {5.1.0.Final}
2020-12-23 11:46:31 WARN  pooling:72 - HHH10001002: Using Hibernate built-in connection pool (not for production use!)
2020-12-23 11:46:31 INFO  pooling:115 - HHH10001005: using driver [com.mysql.cj.jdbc.Driver] at URL [jdbc:mysql://localhost:3306/magproduct?serverTimezone=UTC]
2020-12-23 11:46:31 INFO  pooling:124 - HHH10001001: Connection properties: {password=****, user=root}
2020-12-23 11:46:31 INFO  pooling:129 - HHH10001003: Autocommit mode: false
2020-12-23 11:46:31 INFO  DriverManagerConnectionProviderImpl:239 - HHH000115: Hibernate connection pool size: 20 (min=1)
2020-12-23 11:46:32 INFO  Dialect:158 - HHH000400: Using dialect: org.hibernate.dialect.MySQLDialect
2020-12-23 11:46:33 WARN  SqlExceptionHelper:137 - SQL Error: 1054, SQLState: 42S22
2020-12-23 11:46:33 ERROR SqlExceptionHelper:142 - Unknown column 'basketlist0_.User' in 'field list'
2020-12-23 11:47:21 INFO  Version:46 - HHH000412: Hibernate Core {5.4.3.Final}
2020-12-23 11:47:22 WARN  deprecation:91 - HHH90000012: Recognized obsolete hibernate namespace http://hibernate.sourceforge.net/hibernate-configuration. Use namespace http://www.hibernate.org/dtd/hibernate-configuration instead.  Support for obsolete DTD/XSD namespaces may be removed at any time.
2020-12-23 11:47:23 INFO  Version:49 - HCANN000001: Hibernate Commons Annotations {5.1.0.Final}
2020-12-23 11:47:23 WARN  pooling:72 - HHH10001002: Using Hibernate built-in connection pool (not for production use!)
2020-12-23 11:47:23 INFO  pooling:115 - HHH10001005: using driver [com.mysql.cj.jdbc.Driver] at URL [jdbc:mysql://localhost:3306/magproduct?serverTimezone=UTC]
2020-12-23 11:47:23 INFO  pooling:124 - HHH10001001: Connection properties: {password=****, user=root}
2020-12-23 11:47:23 INFO  pooling:129 - HHH10001003: Autocommit mode: false
2020-12-23 11:47:23 INFO  DriverManagerConnectionProviderImpl:239 - HHH000115: Hibernate connection pool size: 20 (min=1)
2020-12-23 11:47:24 INFO  Dialect:158 - HHH000400: Using dialect: org.hibernate.dialect.MySQLDialect
2020-12-23 11:47:49 INFO  Version:46 - HHH000412: Hibernate Core {5.4.3.Final}
2020-12-23 11:47:50 WARN  deprecation:91 - HHH90000012: Recognized obsolete hibernate namespace http://hibernate.sourceforge.net/hibernate-configuration. Use namespace http://www.hibernate.org/dtd/hibernate-configuration instead.  Support for obsolete DTD/XSD namespaces may be removed at any time.
2020-12-23 11:47:50 INFO  Version:49 - HCANN000001: Hibernate Commons Annotations {5.1.0.Final}
2020-12-23 11:47:51 WARN  pooling:72 - HHH10001002: Using Hibernate built-in connection pool (not for production use!)
2020-12-23 11:47:51 INFO  pooling:115 - HHH10001005: using driver [com.mysql.cj.jdbc.Driver] at URL [jdbc:mysql://localhost:3306/magproduct?serverTimezone=UTC]
2020-12-23 11:47:51 INFO  pooling:124 - HHH10001001: Connection properties: {password=****, user=root}
2020-12-23 11:47:51 INFO  pooling:129 - HHH10001003: Autocommit mode: false
2020-12-23 11:47:51 INFO  DriverManagerConnectionProviderImpl:239 - HHH000115: Hibernate connection pool size: 20 (min=1)
2020-12-23 11:47:52 INFO  Dialect:158 - HHH000400: Using dialect: org.hibernate.dialect.MySQLDialect
2020-12-23 11:48:23 INFO  Version:46 - HHH000412: Hibernate Core {5.4.3.Final}
2020-12-23 11:48:24 WARN  deprecation:91 - HHH90000012: Recognized obsolete hibernate namespace http://hibernate.sourceforge.net/hibernate-configuration. Use namespace http://www.hibernate.org/dtd/hibernate-configuration instead.  Support for obsolete DTD/XSD namespaces may be removed at any time.
2020-12-23 11:48:25 INFO  Version:49 - HCANN000001: Hibernate Commons Annotations {5.1.0.Final}
2020-12-23 11:48:25 WARN  pooling:72 - HHH10001002: Using Hibernate built-in connection pool (not for production use!)
2020-12-23 11:48:25 INFO  pooling:115 - HHH10001005: using driver [com.mysql.cj.jdbc.Driver] at URL [jdbc:mysql://localhost:3306/magproduct?serverTimezone=UTC]
2020-12-23 11:48:25 INFO  pooling:124 - HHH10001001: Connection properties: {password=****, user=root}
2020-12-23 11:48:25 INFO  pooling:129 - HHH10001003: Autocommit mode: false
2020-12-23 11:48:25 INFO  DriverManagerConnectionProviderImpl:239 - HHH000115: Hibernate connection pool size: 20 (min=1)
2020-12-23 11:48:26 INFO  Dialect:158 - HHH000400: Using dialect: org.hibernate.dialect.MySQLDialect
2020-12-23 11:49:28 INFO  Version:46 - HHH000412: Hibernate Core {5.4.3.Final}
2020-12-23 11:49:28 WARN  deprecation:91 - HHH90000012: Recognized obsolete hibernate namespace http://hibernate.sourceforge.net/hibernate-configuration. Use namespace http://www.hibernate.org/dtd/hibernate-configuration instead.  Support for obsolete DTD/XSD namespaces may be removed at any time.
2020-12-23 11:49:30 INFO  Version:49 - HCANN000001: Hibernate Commons Annotations {5.1.0.Final}
2020-12-23 11:49:30 WARN  pooling:72 - HHH10001002: Using Hibernate built-in connection pool (not for production use!)
2020-12-23 11:49:30 INFO  pooling:115 - HHH10001005: using driver [com.mysql.cj.jdbc.Driver] at URL [jdbc:mysql://localhost:3306/magproduct?serverTimezone=UTC]
2020-12-23 11:49:30 INFO  pooling:124 - HHH10001001: Connection properties: {password=****, user=root}
2020-12-23 11:49:30 INFO  pooling:129 - HHH10001003: Autocommit mode: false
2020-12-23 11:49:30 INFO  DriverManagerConnectionProviderImpl:239 - HHH000115: Hibernate connection pool size: 20 (min=1)
2020-12-23 11:49:31 INFO  Dialect:158 - HHH000400: Using dialect: org.hibernate.dialect.MySQLDialect
2020-12-23 11:50:09 INFO  Version:46 - HHH000412: Hibernate Core {5.4.3.Final}
2020-12-23 11:50:10 WARN  deprecation:91 - HHH90000012: Recognized obsolete hibernate namespace http://hibernate.sourceforge.net/hibernate-configuration. Use namespace http://www.hibernate.org/dtd/hibernate-configuration instead.  Support for obsolete DTD/XSD namespaces may be removed at any time.
2020-12-23 11:50:11 INFO  Version:49 - HCANN000001: Hibernate Commons Annotations {5.1.0.Final}
2020-12-23 11:50:11 WARN  pooling:72 - HHH10001002: Using Hibernate built-in connection pool (not for production use!)
2020-12-23 11:50:11 INFO  pooling:115 - HHH10001005: using driver [com.mysql.cj.jdbc.Driver] at URL [jdbc:mysql://localhost:3306/magproduct?serverTimezone=UTC]
2020-12-23 11:50:11 INFO  pooling:124 - HHH10001001: Connection properties: {password=****, user=root}
2020-12-23 11:50:11 INFO  pooling:129 - HHH10001003: Autocommit mode: false
2020-12-23 11:50:11 INFO  DriverManagerConnectionProviderImpl:239 - HHH000115: Hibernate connection pool size: 20 (min=1)
2020-12-23 11:50:12 INFO  Dialect:158 - HHH000400: Using dialect: org.hibernate.dialect.MySQLDialect
2020-12-23 11:50:37 INFO  Version:46 - HHH000412: Hibernate Core {5.4.3.Final}
2020-12-23 11:50:37 WARN  deprecation:91 - HHH90000012: Recognized obsolete hibernate namespace http://hibernate.sourceforge.net/hibernate-configuration. Use namespace http://www.hibernate.org/dtd/hibernate-configuration instead.  Support for obsolete DTD/XSD namespaces may be removed at any time.
2020-12-23 11:50:38 INFO  Version:49 - HCANN000001: Hibernate Commons Annotations {5.1.0.Final}
2020-12-23 11:50:38 WARN  pooling:72 - HHH10001002: Using Hibernate built-in connection pool (not for production use!)
2020-12-23 11:50:38 INFO  pooling:115 - HHH10001005: using driver [com.mysql.cj.jdbc.Driver] at URL [jdbc:mysql://localhost:3306/magproduct?serverTimezone=UTC]
2020-12-23 11:50:38 INFO  pooling:124 - HHH10001001: Connection properties: {password=****, user=root}
2020-12-23 11:50:38 INFO  pooling:129 - HHH10001003: Autocommit mode: false
2020-12-23 11:50:38 INFO  DriverManagerConnectionProviderImpl:239 - HHH000115: Hibernate connection pool size: 20 (min=1)
2020-12-23 11:50:40 INFO  Dialect:158 - HHH000400: Using dialect: org.hibernate.dialect.MySQLDialect
2020-12-23 11:50:59 INFO  Version:46 - HHH000412: Hibernate Core {5.4.3.Final}
2020-12-23 11:51:00 WARN  deprecation:91 - HHH90000012: Recognized obsolete hibernate namespace http://hibernate.sourceforge.net/hibernate-configuration. Use namespace http://www.hibernate.org/dtd/hibernate-configuration instead.  Support for obsolete DTD/XSD namespaces may be removed at any time.
2020-12-23 11:51:01 INFO  Version:49 - HCANN000001: Hibernate Commons Annotations {5.1.0.Final}
2020-12-23 11:51:01 WARN  pooling:72 - HHH10001002: Using Hibernate built-in connection pool (not for production use!)
2020-12-23 11:51:01 INFO  pooling:115 - HHH10001005: using driver [com.mysql.cj.jdbc.Driver] at URL [jdbc:mysql://localhost:3306/magproduct?serverTimezone=UTC]
2020-12-23 11:51:01 INFO  pooling:124 - HHH10001001: Connection properties: {password=****, user=root}
2020-12-23 11:51:01 INFO  pooling:129 - HHH10001003: Autocommit mode: false
2020-12-23 11:51:01 INFO  DriverManagerConnectionProviderImpl:239 - HHH000115: Hibernate connection pool size: 20 (min=1)
2020-12-23 11:51:02 INFO  Dialect:158 - HHH000400: Using dialect: org.hibernate.dialect.MySQLDialect
2020-12-23 11:51:04 WARN  SqlExceptionHelper:137 - SQL Error: 1054, SQLState: 42S22
2020-12-23 11:51:04 ERROR SqlExceptionHelper:142 - Unknown column 'basketlist0_.User' in 'field list'
2020-12-23 11:51:56 INFO  Version:46 - HHH000412: Hibernate Core {5.4.3.Final}
2020-12-23 11:51:57 WARN  deprecation:91 - HHH90000012: Recognized obsolete hibernate namespace http://hibernate.sourceforge.net/hibernate-configuration. Use namespace http://www.hibernate.org/dtd/hibernate-configuration instead.  Support for obsolete DTD/XSD namespaces may be removed at any time.
2020-12-23 11:51:58 INFO  Version:49 - HCANN000001: Hibernate Commons Annotations {5.1.0.Final}
2020-12-23 11:51:58 WARN  pooling:72 - HHH10001002: Using Hibernate built-in connection pool (not for production use!)
2020-12-23 11:51:58 INFO  pooling:115 - HHH10001005: using driver [com.mysql.cj.jdbc.Driver] at URL [jdbc:mysql://localhost:3306/magproduct?serverTimezone=UTC]
2020-12-23 11:51:58 INFO  pooling:124 - HHH10001001: Connection properties: {password=****, user=root}
2020-12-23 11:51:58 INFO  pooling:129 - HHH10001003: Autocommit mode: false
2020-12-23 11:51:58 INFO  DriverManagerConnectionProviderImpl:239 - HHH000115: Hibernate connection pool size: 20 (min=1)
2020-12-23 11:51:59 INFO  Dialect:158 - HHH000400: Using dialect: org.hibernate.dialect.MySQLDialect
2020-12-23 11:52:01 WARN  SqlExceptionHelper:137 - SQL Error: 1054, SQLState: 42S22
2020-12-23 11:52:01 ERROR SqlExceptionHelper:142 - Unknown column 'basketlist0_.User' in 'field list'
2020-12-23 11:56:04 INFO  Version:46 - HHH000412: Hibernate Core {5.4.3.Final}
2020-12-23 11:56:04 WARN  deprecation:91 - HHH90000012: Recognized obsolete hibernate namespace http://hibernate.sourceforge.net/hibernate-configuration. Use namespace http://www.hibernate.org/dtd/hibernate-configuration instead.  Support for obsolete DTD/XSD namespaces may be removed at any time.
2020-12-23 11:56:05 INFO  Version:49 - HCANN000001: Hibernate Commons Annotations {5.1.0.Final}
2020-12-23 11:56:05 WARN  pooling:72 - HHH10001002: Using Hibernate built-in connection pool (not for production use!)
2020-12-23 11:56:06 INFO  pooling:115 - HHH10001005: using driver [com.mysql.cj.jdbc.Driver] at URL [jdbc:mysql://localhost:3306/magproduct?serverTimezone=UTC]
2020-12-23 11:56:06 INFO  pooling:124 - HHH10001001: Connection properties: {password=****, user=root}
2020-12-23 11:56:06 INFO  pooling:129 - HHH10001003: Autocommit mode: false
2020-12-23 11:56:06 INFO  DriverManagerConnectionProviderImpl:239 - HHH000115: Hibernate connection pool size: 20 (min=1)
2020-12-23 11:56:06 INFO  Dialect:158 - HHH000400: Using dialect: org.hibernate.dialect.MySQLDialect
2020-12-23 11:56:36 INFO  Version:46 - HHH000412: Hibernate Core {5.4.3.Final}
2020-12-23 11:56:36 WARN  deprecation:91 - HHH90000012: Recognized obsolete hibernate namespace http://hibernate.sourceforge.net/hibernate-configuration. Use namespace http://www.hibernate.org/dtd/hibernate-configuration instead.  Support for obsolete DTD/XSD namespaces may be removed at any time.
2020-12-23 11:56:37 INFO  Version:49 - HCANN000001: Hibernate Commons Annotations {5.1.0.Final}
2020-12-23 11:56:37 WARN  pooling:72 - HHH10001002: Using Hibernate built-in connection pool (not for production use!)
2020-12-23 11:56:37 INFO  pooling:115 - HHH10001005: using driver [com.mysql.cj.jdbc.Driver] at URL [jdbc:mysql://localhost:3306/magproduct?serverTimezone=UTC]
2020-12-23 11:56:37 INFO  pooling:124 - HHH10001001: Connection properties: {password=****, user=root}
2020-12-23 11:56:37 INFO  pooling:129 - HHH10001003: Autocommit mode: false
2020-12-23 11:56:37 INFO  DriverManagerConnectionProviderImpl:239 - HHH000115: Hibernate connection pool size: 20 (min=1)
2020-12-23 11:56:38 INFO  Dialect:158 - HHH000400: Using dialect: org.hibernate.dialect.MySQLDialect
2020-12-23 11:56:40 WARN  SqlExceptionHelper:137 - SQL Error: 1054, SQLState: 42S22
2020-12-23 11:56:40 ERROR SqlExceptionHelper:142 - Unknown column 'basketlist0_.User' in 'field list'
2020-12-23 12:12:05 INFO  Version:46 - HHH000412: Hibernate Core {5.4.3.Final}
2020-12-23 12:12:06 WARN  deprecation:91 - HHH90000012: Recognized obsolete hibernate namespace http://hibernate.sourceforge.net/hibernate-configuration. Use namespace http://www.hibernate.org/dtd/hibernate-configuration instead.  Support for obsolete DTD/XSD namespaces may be removed at any time.
2020-12-23 12:12:07 INFO  Version:49 - HCANN000001: Hibernate Commons Annotations {5.1.0.Final}
2020-12-23 12:12:07 WARN  pooling:72 - HHH10001002: Using Hibernate built-in connection pool (not for production use!)
2020-12-23 12:12:07 INFO  pooling:115 - HHH10001005: using driver [com.mysql.cj.jdbc.Driver] at URL [jdbc:mysql://localhost:3306/magproduct?serverTimezone=UTC]
2020-12-23 12:12:07 INFO  pooling:124 - HHH10001001: Connection properties: {password=****, user=root}
2020-12-23 12:12:07 INFO  pooling:129 - HHH10001003: Autocommit mode: false
2020-12-23 12:12:07 INFO  DriverManagerConnectionProviderImpl:239 - HHH000115: Hibernate connection pool size: 20 (min=1)
2020-12-23 12:12:08 INFO  Dialect:158 - HHH000400: Using dialect: org.hibernate.dialect.MySQLDialect
2020-12-23 12:12:10 WARN  SqlExceptionHelper:137 - SQL Error: 1064, SQLState: 42000
2020-12-23 12:12:10 ERROR SqlExceptionHelper:142 - You have an error in your SQL syntax; check the manual that corresponds to your MySQL server version for the right syntax to use near 'id_user =2' at line 1
2020-12-23 12:13:18 INFO  Version:46 - HHH000412: Hibernate Core {5.4.3.Final}
2020-12-23 12:13:18 WARN  deprecation:91 - HHH90000012: Recognized obsolete hibernate namespace http://hibernate.sourceforge.net/hibernate-configuration. Use namespace http://www.hibernate.org/dtd/hibernate-configuration instead.  Support for obsolete DTD/XSD namespaces may be removed at any time.
2020-12-23 12:13:19 INFO  Version:49 - HCANN000001: Hibernate Commons Annotations {5.1.0.Final}
2020-12-23 12:13:20 WARN  pooling:72 - HHH10001002: Using Hibernate built-in connection pool (not for production use!)
2020-12-23 12:13:20 INFO  pooling:115 - HHH10001005: using driver [com.mysql.cj.jdbc.Driver] at URL [jdbc:mysql://localhost:3306/magproduct?serverTimezone=UTC]
2020-12-23 12:13:20 INFO  pooling:124 - HHH10001001: Connection properties: {password=****, user=root}
2020-12-23 12:13:20 INFO  pooling:129 - HHH10001003: Autocommit mode: false
2020-12-23 12:13:20 INFO  DriverManagerConnectionProviderImpl:239 - HHH000115: Hibernate connection pool size: 20 (min=1)
2020-12-23 12:13:20 INFO  Dialect:158 - HHH000400: Using dialect: org.hibernate.dialect.MySQLDialect
2020-12-23 12:15:55 INFO  Version:46 - HHH000412: Hibernate Core {5.4.3.Final}
2020-12-23 12:15:55 WARN  deprecation:91 - HHH90000012: Recognized obsolete hibernate namespace http://hibernate.sourceforge.net/hibernate-configuration. Use namespace http://www.hibernate.org/dtd/hibernate-configuration instead.  Support for obsolete DTD/XSD namespaces may be removed at any time.
2020-12-23 12:15:57 INFO  Version:49 - HCANN000001: Hibernate Commons Annotations {5.1.0.Final}
2020-12-23 12:15:57 WARN  pooling:72 - HHH10001002: Using Hibernate built-in connection pool (not for production use!)
2020-12-23 12:15:57 INFO  pooling:115 - HHH10001005: using driver [com.mysql.cj.jdbc.Driver] at URL [jdbc:mysql://localhost:3306/magproduct?serverTimezone=UTC]
2020-12-23 12:15:57 INFO  pooling:124 - HHH10001001: Connection properties: {password=****, user=root}
2020-12-23 12:15:57 INFO  pooling:129 - HHH10001003: Autocommit mode: false
2020-12-23 12:15:57 INFO  DriverManagerConnectionProviderImpl:239 - HHH000115: Hibernate connection pool size: 20 (min=1)
2020-12-23 12:15:58 INFO  Dialect:158 - HHH000400: Using dialect: org.hibernate.dialect.MySQLDialect
2020-12-23 12:15:59 WARN  SqlExceptionHelper:137 - SQL Error: 1064, SQLState: 42000
2020-12-23 12:15:59 ERROR SqlExceptionHelper:142 - You have an error in your SQL syntax; check the manual that corresponds to your MySQL server version for the right syntax to use near 'id_user = 2' at line 1
2020-12-23 12:17:47 INFO  Version:46 - HHH000412: Hibernate Core {5.4.3.Final}
2020-12-23 12:17:47 WARN  deprecation:91 - HHH90000012: Recognized obsolete hibernate namespace http://hibernate.sourceforge.net/hibernate-configuration. Use namespace http://www.hibernate.org/dtd/hibernate-configuration instead.  Support for obsolete DTD/XSD namespaces may be removed at any time.
2020-12-23 12:17:48 INFO  Version:49 - HCANN000001: Hibernate Commons Annotations {5.1.0.Final}
2020-12-23 12:17:49 WARN  pooling:72 - HHH10001002: Using Hibernate built-in connection pool (not for production use!)
2020-12-23 12:17:49 INFO  pooling:115 - HHH10001005: using driver [com.mysql.cj.jdbc.Driver] at URL [jdbc:mysql://localhost:3306/magproduct?serverTimezone=UTC]
2020-12-23 12:17:49 INFO  pooling:124 - HHH10001001: Connection properties: {password=****, user=root}
2020-12-23 12:17:49 INFO  pooling:129 - HHH10001003: Autocommit mode: false
2020-12-23 12:17:49 INFO  DriverManagerConnectionProviderImpl:239 - HHH000115: Hibernate connection pool size: 20 (min=1)
2020-12-23 12:17:50 INFO  Dialect:158 - HHH000400: Using dialect: org.hibernate.dialect.MySQLDialect
2020-12-23 12:20:35 INFO  Version:46 - HHH000412: Hibernate Core {5.4.3.Final}
2020-12-23 12:20:35 WARN  deprecation:91 - HHH90000012: Recognized obsolete hibernate namespace http://hibernate.sourceforge.net/hibernate-configuration. Use namespace http://www.hibernate.org/dtd/hibernate-configuration instead.  Support for obsolete DTD/XSD namespaces may be removed at any time.
2020-12-23 12:20:36 INFO  Version:49 - HCANN000001: Hibernate Commons Annotations {5.1.0.Final}
2020-12-23 12:20:36 WARN  pooling:72 - HHH10001002: Using Hibernate built-in connection pool (not for production use!)
2020-12-23 12:20:36 INFO  pooling:115 - HHH10001005: using driver [com.mysql.cj.jdbc.Driver] at URL [jdbc:mysql://localhost:3306/magproduct?serverTimezone=UTC]
2020-12-23 12:20:36 INFO  pooling:124 - HHH10001001: Connection properties: {password=****, user=root}
2020-12-23 12:20:36 INFO  pooling:129 - HHH10001003: Autocommit mode: false
2020-12-23 12:20:36 INFO  DriverManagerConnectionProviderImpl:239 - HHH000115: Hibernate connection pool size: 20 (min=1)
2020-12-23 12:20:37 INFO  Dialect:158 - HHH000400: Using dialect: org.hibernate.dialect.MySQLDialect
2020-12-23 12:23:04 INFO  Version:46 - HHH000412: Hibernate Core {5.4.3.Final}
2020-12-23 12:23:04 WARN  deprecation:91 - HHH90000012: Recognized obsolete hibernate namespace http://hibernate.sourceforge.net/hibernate-configuration. Use namespace http://www.hibernate.org/dtd/hibernate-configuration instead.  Support for obsolete DTD/XSD namespaces may be removed at any time.
2020-12-23 12:23:05 INFO  Version:49 - HCANN000001: Hibernate Commons Annotations {5.1.0.Final}
2020-12-23 12:23:06 WARN  pooling:72 - HHH10001002: Using Hibernate built-in connection pool (not for production use!)
2020-12-23 12:23:06 INFO  pooling:115 - HHH10001005: using driver [com.mysql.cj.jdbc.Driver] at URL [jdbc:mysql://localhost:3306/magproduct?serverTimezone=UTC]
2020-12-23 12:23:06 INFO  pooling:124 - HHH10001001: Connection properties: {password=****, user=root}
2020-12-23 12:23:06 INFO  pooling:129 - HHH10001003: Autocommit mode: false
2020-12-23 12:23:06 INFO  DriverManagerConnectionProviderImpl:239 - HHH000115: Hibernate connection pool size: 20 (min=1)
2020-12-23 12:23:06 INFO  Dialect:158 - HHH000400: Using dialect: org.hibernate.dialect.MySQLDialect
2020-12-23 12:23:29 INFO  Version:46 - HHH000412: Hibernate Core {5.4.3.Final}
2020-12-23 12:23:30 WARN  deprecation:91 - HHH90000012: Recognized obsolete hibernate namespace http://hibernate.sourceforge.net/hibernate-configuration. Use namespace http://www.hibernate.org/dtd/hibernate-configuration instead.  Support for obsolete DTD/XSD namespaces may be removed at any time.
2020-12-23 12:23:31 INFO  Version:49 - HCANN000001: Hibernate Commons Annotations {5.1.0.Final}
2020-12-23 12:23:31 WARN  pooling:72 - HHH10001002: Using Hibernate built-in connection pool (not for production use!)
2020-12-23 12:23:31 INFO  pooling:115 - HHH10001005: using driver [com.mysql.cj.jdbc.Driver] at URL [jdbc:mysql://localhost:3306/magproduct?serverTimezone=UTC]
2020-12-23 12:23:31 INFO  pooling:124 - HHH10001001: Connection properties: {password=****, user=root}
2020-12-23 12:23:31 INFO  pooling:129 - HHH10001003: Autocommit mode: false
2020-12-23 12:23:31 INFO  DriverManagerConnectionProviderImpl:239 - HHH000115: Hibernate connection pool size: 20 (min=1)
2020-12-23 12:23:32 INFO  Dialect:158 - HHH000400: Using dialect: org.hibernate.dialect.MySQLDialect
2020-12-23 12:42:38 INFO  Version:46 - HHH000412: Hibernate Core {5.4.3.Final}
2020-12-23 12:42:38 WARN  deprecation:91 - HHH90000012: Recognized obsolete hibernate namespace http://hibernate.sourceforge.net/hibernate-configuration. Use namespace http://www.hibernate.org/dtd/hibernate-configuration instead.  Support for obsolete DTD/XSD namespaces may be removed at any time.
2020-12-23 12:42:39 INFO  Version:49 - HCANN000001: Hibernate Commons Annotations {5.1.0.Final}
2020-12-23 12:42:39 WARN  pooling:72 - HHH10001002: Using Hibernate built-in connection pool (not for production use!)
2020-12-23 12:42:39 INFO  pooling:115 - HHH10001005: using driver [com.mysql.cj.jdbc.Driver] at URL [jdbc:mysql://localhost:3306/magproduct?serverTimezone=UTC]
2020-12-23 12:42:39 INFO  pooling:124 - HHH10001001: Connection properties: {password=****, user=root}
2020-12-23 12:42:39 INFO  pooling:129 - HHH10001003: Autocommit mode: false
2020-12-23 12:42:39 INFO  DriverManagerConnectionProviderImpl:239 - HHH000115: Hibernate connection pool size: 20 (min=1)
2020-12-23 12:42:40 INFO  Dialect:158 - HHH000400: Using dialect: org.hibernate.dialect.MySQLDialect
2020-12-23 12:55:45 INFO  Version:46 - HHH000412: Hibernate Core {5.4.3.Final}
2020-12-23 12:55:46 WARN  deprecation:91 - HHH90000012: Recognized obsolete hibernate namespace http://hibernate.sourceforge.net/hibernate-configuration. Use namespace http://www.hibernate.org/dtd/hibernate-configuration instead.  Support for obsolete DTD/XSD namespaces may be removed at any time.
2020-12-23 12:55:46 INFO  Version:49 - HCANN000001: Hibernate Commons Annotations {5.1.0.Final}
2020-12-23 12:55:47 WARN  pooling:72 - HHH10001002: Using Hibernate built-in connection pool (not for production use!)
2020-12-23 12:55:47 INFO  pooling:115 - HHH10001005: using driver [com.mysql.cj.jdbc.Driver] at URL [jdbc:mysql://localhost:3306/magproduct?serverTimezone=UTC]
2020-12-23 12:55:47 INFO  pooling:124 - HHH10001001: Connection properties: {password=****, user=root}
2020-12-23 12:55:47 INFO  pooling:129 - HHH10001003: Autocommit mode: false
2020-12-23 12:55:47 INFO  DriverManagerConnectionProviderImpl:239 - HHH000115: Hibernate connection pool size: 20 (min=1)
2020-12-23 12:55:47 INFO  Dialect:158 - HHH000400: Using dialect: org.hibernate.dialect.MySQLDialect
2020-12-23 12:56:05 INFO  Version:46 - HHH000412: Hibernate Core {5.4.3.Final}
2020-12-23 12:56:06 WARN  deprecation:91 - HHH90000012: Recognized obsolete hibernate namespace http://hibernate.sourceforge.net/hibernate-configuration. Use namespace http://www.hibernate.org/dtd/hibernate-configuration instead.  Support for obsolete DTD/XSD namespaces may be removed at any time.
2020-12-23 12:56:07 INFO  Version:49 - HCANN000001: Hibernate Commons Annotations {5.1.0.Final}
2020-12-23 12:56:07 WARN  pooling:72 - HHH10001002: Using Hibernate built-in connection pool (not for production use!)
2020-12-23 12:56:07 INFO  pooling:115 - HHH10001005: using driver [com.mysql.cj.jdbc.Driver] at URL [jdbc:mysql://localhost:3306/magproduct?serverTimezone=UTC]
2020-12-23 12:56:07 INFO  pooling:124 - HHH10001001: Connection properties: {password=****, user=root}
2020-12-23 12:56:07 INFO  pooling:129 - HHH10001003: Autocommit mode: false
2020-12-23 12:56:07 INFO  DriverManagerConnectionProviderImpl:239 - HHH000115: Hibernate connection pool size: 20 (min=1)
2020-12-23 12:56:08 INFO  Dialect:158 - HHH000400: Using dialect: org.hibernate.dialect.MySQLDialect
